# JRE version: OpenJDK Runtime Environment Corretto-11.0.19.7.1 (11.0.19+7) (build 11.0.19+7-LTS)
# Java VM: OpenJDK 64-Bit Server VM Corretto-11.0.19.7.1 (11.0.19+7-LTS, mixed mode, tiered, compressed oops, g1 gc, windows-amd64)
Heap:
 garbage-first heap   total 258048K, used 101004K [0x0000000704e00000, 0x0000000800000000)
  region size 1024K, 84 young (86016K), 18 survivors (18432K)
 Metaspace       used 81559K, capacity 83783K, committed 83968K, reserved 1122304K
  class space    used 10565K, capacity 11471K, committed 11520K, reserved 1048576K
GC Heap History (16 events):
Event: 0.605 GC heap before
{Heap before GC invocations=0 (full 0):
 garbage-first heap   total 258048K, used 26624K [0x0000000704e00000, 0x0000000800000000)
  region size 1024K, 24 young (24576K), 0 survivors (0K)
 Metaspace       used 10866K, capacity 11095K, committed 11392K, reserved 1058816K
  class space    used 1007K, capacity 1057K, committed 1152K, reserved 1048576K
}
Event: 0.608 GC heap after
{Heap after GC invocations=1 (full 0):
 garbage-first heap   total 258048K, used 8858K [0x0000000704e00000, 0x0000000800000000)
  region size 1024K, 3 young (3072K), 3 survivors (3072K)
 Metaspace       used 10866K, capacity 11095K, committed 11392K, reserved 1058816K
  class space    used 1007K, capacity 1057K, committed 1152K, reserved 1048576K
}
Event: 1.646 GC heap before
{Heap before GC invocations=1 (full 0):
 garbage-first heap   total 258048K, used 50842K [0x0000000704e00000, 0x0000000800000000)
  region size 1024K, 45 young (46080K), 3 survivors (3072K)
 Metaspace       used 20600K, capacity 21097K, committed 21248K, reserved 1069056K
  class space    used 2252K, capacity 2451K, committed 2560K, reserved 1048576K
}
Event: 1.649 GC heap after
{Heap after GC invocations=2 (full 0):
 garbage-first heap   total 258048K, used 11078K [0x0000000704e00000, 0x0000000800000000)
  region size 1024K, 6 young (6144K), 6 survivors (6144K)
 Metaspace       used 20600K, capacity 21097K, committed 21248K, reserved 1069056K
  class space    used 2252K, capacity 2451K, committed 2560K, reserved 1048576K
}
Event: 1.954 GC heap before
{Heap before GC invocations=3 (full 0):
 garbage-first heap   total 258048K, used 35654K [0x0000000704e00000, 0x0000000800000000)
  region size 1024K, 30 young (30720K), 6 survivors (6144K)
 Metaspace       used 23439K, capacity 24058K, committed 24192K, reserved 1071104K
  class space    used 2712K, capacity 2943K, committed 2944K, reserved 1048576K
}
Event: 1.957 GC heap after
{Heap after GC invocations=4 (full 0):
 garbage-first heap   total 258048K, used 12049K [0x0000000704e00000, 0x0000000800000000)
  region size 1024K, 2 young (2048K), 2 survivors (2048K)
 Metaspace       used 23439K, capacity 24058K, committed 24192K, reserved 1071104K
  class space    used 2712K, capacity 2943K, committed 2944K, reserved 1048576K
}
Event: 2.563 GC heap before
{Heap before GC invocations=4 (full 0):
 garbage-first heap   total 258048K, used 78609K [0x0000000704e00000, 0x0000000800000000)
  region size 1024K, 67 young (68608K), 2 survivors (2048K)
 Metaspace       used 31133K, capacity 31826K, committed 32128K, reserved 1077248K
  class space    used 3583K, capacity 3852K, committed 3968K, reserved 1048576K
}
Event: 2.566 GC heap after
{Heap after GC invocations=5 (full 0):
 garbage-first heap   total 258048K, used 14847K [0x0000000704e00000, 0x0000000800000000)
  region size 1024K, 4 young (4096K), 4 survivors (4096K)
 Metaspace       used 31133K, capacity 31826K, committed 32128K, reserved 1077248K
  class space    used 3583K, capacity 3852K, committed 3968K, reserved 1048576K
}
Event: 3.396 GC heap before
{Heap before GC invocations=5 (full 0):
 garbage-first heap   total 258048K, used 74239K [0x0000000704e00000, 0x0000000800000000)
  region size 1024K, 63 young (64512K), 4 survivors (4096K)
 Metaspace       used 34925K, capacity 35737K, committed 35840K, reserved 1081344K
  class space    used 4099K, capacity 4437K, committed 4480K, reserved 1048576K
}
Event: 3.399 GC heap after
{Heap after GC invocations=6 (full 0):
 garbage-first heap   total 258048K, used 16578K [0x0000000704e00000, 0x0000000800000000)
  region size 1024K, 6 young (6144K), 6 survivors (6144K)
 Metaspace       used 34925K, capacity 35737K, committed 35840K, reserved 1081344K
  class space    used 4099K, capacity 4437K, committed 4480K, reserved 1048576K
}
Event: 7.006 GC heap before
{Heap before GC invocations=7 (full 0):
 garbage-first heap   total 258048K, used 146626K [0x0000000704e00000, 0x0000000800000000)
  region size 1024K, 128 young (131072K), 6 survivors (6144K)
 Metaspace       used 48995K, capacity 50389K, committed 50560K, reserved 1093632K
  class space    used 6119K, capacity 6694K, committed 6784K, reserved 1048576K
}
Event: 7.031 GC heap after
{Heap after GC invocations=8 (full 0):
 garbage-first heap   total 258048K, used 22446K [0x0000000704e00000, 0x0000000800000000)
  region size 1024K, 12 young (12288K), 12 survivors (12288K)
 Metaspace       used 48995K, capacity 50389K, committed 50560K, reserved 1093632K
  class space    used 6119K, capacity 6694K, committed 6784K, reserved 1048576K
}
Event: 8.175 GC heap before
{Heap before GC invocations=8 (full 0):
 garbage-first heap   total 258048K, used 75694K [0x0000000704e00000, 0x0000000800000000)
  region size 1024K, 65 young (66560K), 12 survivors (12288K)
 Metaspace       used 58637K, capacity 60069K, committed 60160K, reserved 1101824K
  class space    used 7436K, capacity 8021K, committed 8064K, reserved 1048576K
}
Event: 8.183 GC heap after
{Heap after GC invocations=9 (full 0):
 garbage-first heap   total 258048K, used 25884K [0x0000000704e00000, 0x0000000800000000)
  region size 1024K, 12 young (12288K), 12 survivors (12288K)
 Metaspace       used 58637K, capacity 60069K, committed 60160K, reserved 1101824K
  class space    used 7436K, capacity 8021K, committed 8064K, reserved 1048576K
}
Event: 13.175 GC heap before
{Heap before GC invocations=10 (full 0):
 garbage-first heap   total 258048K, used 168220K [0x0000000704e00000, 0x0000000800000000)
  region size 1024K, 151 young (154624K), 12 survivors (12288K)
 Metaspace       used 74607K, capacity 76503K, committed 76800K, reserved 1116160K
  class space    used 9607K, capacity 10369K, committed 10496K, reserved 1048576K
}
Event: 13.185 GC heap after
{Heap after GC invocations=11 (full 0):
 garbage-first heap   total 258048K, used 34444K [0x0000000704e00000, 0x0000000800000000)
  region size 1024K, 18 young (18432K), 18 survivors (18432K)
 Metaspace       used 74607K, capacity 76503K, committed 76800K, reserved 1116160K
  class space    used 9607K, capacity 10369K, committed 10496K, reserved 1048576K
}

